<?xml version="1.0" encoding="UTF-8"?>
<testng-results ignored="0" total="2" passed="2" failed="0" skipped="0">
  <reporter-output>
  </reporter-output>
  <suite started-at="2023-12-29T02:12:52 IST" name="OpencartSuite" finished-at="2023-12-29T02:13:00 IST" duration-ms="8260">
    <groups>
      <group name="Master">
        <method signature="TC_001_AccountRegistrationTest.test_account_Registration()[pri:0, instance:testCases.TC_001_AccountRegistrationTest@4a94ee4]" name="test_account_Registration" class="testCases.TC_001_AccountRegistrationTest"/>
        <method signature="TC_002_loginTest.test_Login()[pri:0, instance:testCases.TC_002_loginTest@5876a9af]" name="test_Login" class="testCases.TC_002_loginTest"/>
      </group> <!-- Master -->
      <group name="Sanity">
        <method signature="TC_002_loginTest.test_Login()[pri:0, instance:testCases.TC_002_loginTest@5876a9af]" name="test_Login" class="testCases.TC_002_loginTest"/>
      </group> <!-- Sanity -->
      <group name="Regression">
        <method signature="TC_001_AccountRegistrationTest.test_account_Registration()[pri:0, instance:testCases.TC_001_AccountRegistrationTest@4a94ee4]" name="test_account_Registration" class="testCases.TC_001_AccountRegistrationTest"/>
      </group> <!-- Regression -->
    </groups>
    <test started-at="2023-12-29T02:12:52 IST" name="OpencartTest" finished-at="2023-12-29T02:13:00 IST" duration-ms="8260">
      <class name="testCases.TC_001_AccountRegistrationTest">
        <test-method is-config="true" signature="setup(java.lang.String)[pri:0, instance:testCases.TC_001_AccountRegistrationTest@4a94ee4]" started-at="2023-12-29T02:12:52 IST" name="setup" finished-at="2023-12-29T02:12:54 IST" duration-ms="2369" status="PASS">
          <params>
            <param index="0">
              <value>
                <![CDATA[chrome]]>
              </value>
            </param>
          </params>
          <reporter-output>
          </reporter-output>
        </test-method> <!-- setup -->
        <test-method signature="test_account_Registration()[pri:0, instance:testCases.TC_001_AccountRegistrationTest@4a94ee4]" started-at="2023-12-29T02:12:54 IST" name="test_account_Registration" finished-at="2023-12-29T02:12:58 IST" duration-ms="3168" status="PASS">
          <reporter-output>
          </reporter-output>
        </test-method> <!-- test_account_Registration -->
        <test-method is-config="true" signature="tearDown()[pri:0, instance:testCases.TC_001_AccountRegistrationTest@4a94ee4]" started-at="2023-12-29T02:12:58 IST" name="tearDown" finished-at="2023-12-29T02:12:58 IST" duration-ms="81" status="PASS">
          <reporter-output>
          </reporter-output>
        </test-method> <!-- tearDown -->
      </class> <!-- testCases.TC_001_AccountRegistrationTest -->
      <class name="testCases.TC_002_loginTest">
        <test-method is-config="true" signature="setup(java.lang.String)[pri:0, instance:testCases.TC_002_loginTest@5876a9af]" started-at="2023-12-29T02:12:58 IST" name="setup" finished-at="2023-12-29T02:12:59 IST" duration-ms="1477" status="PASS">
          <params>
            <param index="0">
              <value>
                <![CDATA[chrome]]>
              </value>
            </param>
          </params>
          <reporter-output>
          </reporter-output>
        </test-method> <!-- setup -->
        <test-method signature="test_Login()[pri:0, instance:testCases.TC_002_loginTest@5876a9af]" started-at="2023-12-29T02:12:59 IST" name="test_Login" finished-at="2023-12-29T02:13:00 IST" duration-ms="921" status="PASS">
          <reporter-output>
          </reporter-output>
        </test-method> <!-- test_Login -->
        <test-method is-config="true" signature="tearDown()[pri:0, instance:testCases.TC_002_loginTest@5876a9af]" started-at="2023-12-29T02:13:00 IST" name="tearDown" finished-at="2023-12-29T02:13:00 IST" duration-ms="68" status="PASS">
          <reporter-output>
          </reporter-output>
        </test-method> <!-- tearDown -->
      </class> <!-- testCases.TC_002_loginTest -->
    </test> <!-- OpencartTest -->
  </suite> <!-- OpencartSuite -->
</testng-results>
