<?xml version="1.0" encoding="UTF-8"?>
<testng-results ignored="0" total="2" passed="2" failed="0" skipped="0">
  <reporter-output>
  </reporter-output>
  <suite started-at="2023-12-30T03:16:50 IST" name="OpencartSuite" finished-at="2023-12-30T03:17:05 IST" duration-ms="15064">
    <groups>
      <group name="Master">
        <method signature="TC_001_AccountRegistrationTest.test_account_Registration()[pri:0, instance:testCases.TC_001_AccountRegistrationTest@2a798d51]" name="test_account_Registration" class="testCases.TC_001_AccountRegistrationTest"/>
        <method signature="TC_002_loginTest.test_Login()[pri:0, instance:testCases.TC_002_loginTest@222545dc]" name="test_Login" class="testCases.TC_002_loginTest"/>
      </group> <!-- Master -->
      <group name="Sanity">
        <method signature="TC_002_loginTest.test_Login()[pri:0, instance:testCases.TC_002_loginTest@222545dc]" name="test_Login" class="testCases.TC_002_loginTest"/>
      </group> <!-- Sanity -->
      <group name="Regression">
        <method signature="TC_001_AccountRegistrationTest.test_account_Registration()[pri:0, instance:testCases.TC_001_AccountRegistrationTest@2a798d51]" name="test_account_Registration" class="testCases.TC_001_AccountRegistrationTest"/>
      </group> <!-- Regression -->
    </groups>
    <test started-at="2023-12-30T03:16:50 IST" name="OpencartTest" finished-at="2023-12-30T03:17:05 IST" duration-ms="15064">
      <class name="testCases.TC_001_AccountRegistrationTest">
        <test-method is-config="true" signature="setup(java.lang.String)[pri:0, instance:testCases.TC_001_AccountRegistrationTest@2a798d51]" started-at="2023-12-30T03:16:50 IST" name="setup" finished-at="2023-12-30T03:16:55 IST" duration-ms="4525" status="PASS">
          <params>
            <param index="0">
              <value>
                <![CDATA[chrome]]>
              </value>
            </param>
          </params>
          <reporter-output>
          </reporter-output>
        </test-method> <!-- setup -->
        <test-method signature="test_account_Registration()[pri:0, instance:testCases.TC_001_AccountRegistrationTest@2a798d51]" started-at="2023-12-30T03:16:55 IST" name="test_account_Registration" finished-at="2023-12-30T03:16:59 IST" duration-ms="4481" status="PASS">
          <reporter-output>
          </reporter-output>
        </test-method> <!-- test_account_Registration -->
        <test-method is-config="true" signature="tearDown()[pri:0, instance:testCases.TC_001_AccountRegistrationTest@2a798d51]" started-at="2023-12-30T03:16:59 IST" name="tearDown" finished-at="2023-12-30T03:16:59 IST" duration-ms="159" status="PASS">
          <reporter-output>
          </reporter-output>
        </test-method> <!-- tearDown -->
      </class> <!-- testCases.TC_001_AccountRegistrationTest -->
      <class name="testCases.TC_002_loginTest">
        <test-method is-config="true" signature="setup(java.lang.String)[pri:0, instance:testCases.TC_002_loginTest@222545dc]" started-at="2023-12-30T03:16:59 IST" name="setup" finished-at="2023-12-30T03:17:03 IST" duration-ms="3613" status="PASS">
          <params>
            <param index="0">
              <value>
                <![CDATA[chrome]]>
              </value>
            </param>
          </params>
          <reporter-output>
          </reporter-output>
        </test-method> <!-- setup -->
        <test-method signature="test_Login()[pri:0, instance:testCases.TC_002_loginTest@222545dc]" started-at="2023-12-30T03:17:03 IST" name="test_Login" finished-at="2023-12-30T03:17:05 IST" duration-ms="1746" status="PASS">
          <reporter-output>
          </reporter-output>
        </test-method> <!-- test_Login -->
        <test-method is-config="true" signature="tearDown()[pri:0, instance:testCases.TC_002_loginTest@222545dc]" started-at="2023-12-30T03:17:05 IST" name="tearDown" finished-at="2023-12-30T03:17:05 IST" duration-ms="159" status="PASS">
          <reporter-output>
          </reporter-output>
        </test-method> <!-- tearDown -->
      </class> <!-- testCases.TC_002_loginTest -->
    </test> <!-- OpencartTest -->
  </suite> <!-- OpencartSuite -->
</testng-results>
