<?xml version="1.0" encoding="UTF-8"?>
<testng-results ignored="0" total="2" passed="2" failed="0" skipped="0">
  <reporter-output>
  </reporter-output>
  <suite started-at="2023-12-30T02:48:41 IST" name="OpencartSuite" finished-at="2023-12-30T02:48:55 IST" duration-ms="13369">
    <groups>
      <group name="Master">
        <method signature="TC_001_AccountRegistrationTest.test_account_Registration()[pri:0, instance:testCases.TC_001_AccountRegistrationTest@273e7444]" name="test_account_Registration" class="testCases.TC_001_AccountRegistrationTest"/>
        <method signature="TC_002_loginTest.test_Login()[pri:0, instance:testCases.TC_002_loginTest@3527942a]" name="test_Login" class="testCases.TC_002_loginTest"/>
      </group> <!-- Master -->
      <group name="Sanity">
        <method signature="TC_002_loginTest.test_Login()[pri:0, instance:testCases.TC_002_loginTest@3527942a]" name="test_Login" class="testCases.TC_002_loginTest"/>
      </group> <!-- Sanity -->
      <group name="Regression">
        <method signature="TC_001_AccountRegistrationTest.test_account_Registration()[pri:0, instance:testCases.TC_001_AccountRegistrationTest@273e7444]" name="test_account_Registration" class="testCases.TC_001_AccountRegistrationTest"/>
      </group> <!-- Regression -->
    </groups>
    <test started-at="2023-12-30T02:48:41 IST" name="OpencartTest" finished-at="2023-12-30T02:48:55 IST" duration-ms="13369">
      <class name="testCases.TC_001_AccountRegistrationTest">
        <test-method is-config="true" signature="setup(java.lang.String)[pri:0, instance:testCases.TC_001_AccountRegistrationTest@273e7444]" started-at="2023-12-30T02:48:42 IST" name="setup" finished-at="2023-12-30T02:48:46 IST" duration-ms="4026" status="PASS">
          <params>
            <param index="0">
              <value>
                <![CDATA[chrome]]>
              </value>
            </param>
          </params>
          <reporter-output>
          </reporter-output>
        </test-method> <!-- setup -->
        <test-method signature="test_account_Registration()[pri:0, instance:testCases.TC_001_AccountRegistrationTest@273e7444]" started-at="2023-12-30T02:48:46 IST" name="test_account_Registration" finished-at="2023-12-30T02:48:50 IST" duration-ms="4582" status="PASS">
          <reporter-output>
          </reporter-output>
        </test-method> <!-- test_account_Registration -->
        <test-method is-config="true" signature="tearDown()[pri:0, instance:testCases.TC_001_AccountRegistrationTest@273e7444]" started-at="2023-12-30T02:48:51 IST" name="tearDown" finished-at="2023-12-30T02:48:51 IST" duration-ms="173" status="PASS">
          <reporter-output>
          </reporter-output>
        </test-method> <!-- tearDown -->
      </class> <!-- testCases.TC_001_AccountRegistrationTest -->
      <class name="testCases.TC_002_loginTest">
        <test-method is-config="true" signature="setup(java.lang.String)[pri:0, instance:testCases.TC_002_loginTest@3527942a]" started-at="2023-12-30T02:48:51 IST" name="setup" finished-at="2023-12-30T02:48:53 IST" duration-ms="2414" status="PASS">
          <params>
            <param index="0">
              <value>
                <![CDATA[chrome]]>
              </value>
            </param>
          </params>
          <reporter-output>
          </reporter-output>
        </test-method> <!-- setup -->
        <test-method signature="test_Login()[pri:0, instance:testCases.TC_002_loginTest@3527942a]" started-at="2023-12-30T02:48:53 IST" name="test_Login" finished-at="2023-12-30T02:48:55 IST" duration-ms="1562" status="PASS">
          <reporter-output>
          </reporter-output>
        </test-method> <!-- test_Login -->
        <test-method is-config="true" signature="tearDown()[pri:0, instance:testCases.TC_002_loginTest@3527942a]" started-at="2023-12-30T02:48:55 IST" name="tearDown" finished-at="2023-12-30T02:48:55 IST" duration-ms="137" status="PASS">
          <reporter-output>
          </reporter-output>
        </test-method> <!-- tearDown -->
      </class> <!-- testCases.TC_002_loginTest -->
    </test> <!-- OpencartTest -->
  </suite> <!-- OpencartSuite -->
</testng-results>
