<?xml version="1.0" encoding="UTF-8"?>
<!-- Generated by org.testng.reporters.JUnitXMLReporter -->
<testsuite ignored="0" hostname="DESKTOP-R8R9OO9" failures="0" tests="5" name="OpencartTest" time="44.883" errors="0" timestamp="2023-12-29T01:28:37 IST">
  <testcase classname="testCases.TC_003_LoginDDT" name="test_LoginDDT" time="2.052"/>
  <testcase classname="testCases.TC_003_LoginDDT" name="test_LoginDDT" time="11.446"/>
  <testcase classname="testCases.TC_003_LoginDDT" name="test_LoginDDT" time="11.462"/>
  <testcase classname="testCases.TC_003_LoginDDT" name="test_LoginDDT" time="11.493"/>
  <testcase classname="testCases.TC_003_LoginDDT" name="test_LoginDDT" time="2.164"/>
</testsuite> <!-- OpencartTest -->
